2025-12-31 09:33:19.522  INFO 16152 --- [restartedMain] com.mbti.BackendApplication              : Starting BackendApplication using Java 21.0.8 with PID 16152 (C:\Users\TJ\Desktop\Project\MBTI\backend\build\classes\java\main started by TJ in C:\Users\TJ\Desktop\Project\MBTI\backend)
2025-12-31 09:33:19.524  INFO 16152 --- [restartedMain] com.mbti.BackendApplication              : No active profile set, falling back to 1 default profile: "default"
2025-12-31 09:33:19.580  INFO 16152 --- [restartedMain] .e.DevToolsPropertyDefaultsPostProcessor : Devtools property defaults active! Set 'spring.devtools.add-properties' to 'false' to disable
2025-12-31 09:33:19.580  INFO 16152 --- [restartedMain] .e.DevToolsPropertyDefaultsPostProcessor : For additional web related logging consider setting the 'logging.level.web' property to 'DEBUG'
2025-12-31 09:33:21.212  INFO 16152 --- [restartedMain] o.s.b.w.embedded.tomcat.TomcatWebServer  : Tomcat initialized with port 8080 (http)
2025-12-31 09:33:21.230  INFO 16152 --- [restartedMain] o.apache.catalina.core.StandardService   : Starting service [Tomcat]
2025-12-31 09:33:21.231  INFO 16152 --- [restartedMain] o.apache.catalina.core.StandardEngine    : Starting Servlet engine: [Apache Tomcat/10.1.17]
2025-12-31 09:33:21.323  INFO 16152 --- [restartedMain] o.a.c.c.C.[Tomcat].[localhost].[/]       : Initializing Spring embedded WebApplicationContext
2025-12-31 09:33:21.324  INFO 16152 --- [restartedMain] w.s.c.ServletWebServerApplicationContext : Root WebApplicationContext: initialization completed in 1743 ms
2025-12-31 09:33:22.393  INFO 16152 --- [restartedMain] o.s.b.d.a.OptionalLiveReloadServer       : LiveReload server is running on port 35729
2025-12-31 09:33:22.435  INFO 16152 --- [restartedMain] o.s.b.w.embedded.tomcat.TomcatWebServer  : Tomcat started on port 8080 (http) with context path ''
2025-12-31 09:33:22.445  INFO 16152 --- [restartedMain] com.mbti.BackendApplication              : Started BackendApplication in 3.632 seconds (process running for 5.034)
2025-12-31 10:32:35.077  INFO 16152 --- [http-nio-8080-exec-1] o.a.c.c.C.[Tomcat].[localhost].[/]       : Initializing Spring DispatcherServlet 'dispatcherServlet'
2025-12-31 10:32:35.077  INFO 16152 --- [http-nio-8080-exec-1] o.s.web.servlet.DispatcherServlet        : Initializing Servlet 'dispatcherServlet'
2025-12-31 10:32:35.078  INFO 16152 --- [http-nio-8080-exec-1] o.s.web.servlet.DispatcherServlet        : Completed initialization in 1 ms
2025-12-31 10:32:35.115  INFO 16152 --- [http-nio-8080-exec-1] c.mbti.mbti.controller.MbtiController    : GET /api/mbti/results - Fetching results for user: 홍길동
2025-12-31 10:32:35.116  INFO 16152 --- [http-nio-8080-exec-1] com.mbti.mbti.service.MbtiServiceImpl    : Fetching results for user: 홍길동
2025-12-31 10:32:35.134  INFO 16152 --- [http-nio-8080-exec-1] com.zaxxer.hikari.HikariDataSource       : MyHikariCP - Starting...
2025-12-31 10:32:35.375  INFO 16152 --- [http-nio-8080-exec-1] com.zaxxer.hikari.pool.HikariPool        : MyHikariCP - Added connection org.postgresql.jdbc.PgConnection@49060bf5
2025-12-31 10:32:35.377  INFO 16152 --- [http-nio-8080-exec-1] com.zaxxer.hikari.HikariDataSource       : MyHikariCP - Start completed.
2025-12-31 10:44:29.142  INFO 16152 --- [http-nio-8080-exec-3] c.mbti.mbti.controller.MbtiController    : GET /api/mbti/results - Fetching results for user: 홍길동
2025-12-31 10:44:29.142  INFO 16152 --- [http-nio-8080-exec-3] com.mbti.mbti.service.MbtiServiceImpl    : Fetching results for user: 홍길동
2025-12-31 10:45:02.443  INFO 16152 --- [http-nio-8080-exec-5] c.mbti.mbti.controller.MbtiController    : GET /api/mbti/results - Fetching results for user: 홍길동
2025-12-31 10:45:02.443  INFO 16152 --- [http-nio-8080-exec-5] com.mbti.mbti.service.MbtiServiceImpl    : Fetching results for user: 홍길동
2025-12-31 11:10:36.894  INFO 16152 --- [http-nio-8080-exec-7] c.mbti.mbti.controller.MbtiController    : GET /api/mbti/results - Fetching results for user: 홍길돌
2025-12-31 11:10:36.895  INFO 16152 --- [http-nio-8080-exec-7] com.mbti.mbti.service.MbtiServiceImpl    : Fetching results for user: 홍길돌
2025-12-31 11:10:42.484  INFO 16152 --- [http-nio-8080-exec-9] c.mbti.mbti.controller.MbtiController    : GET /api/mbti/results - Fetching results for user: 홍길동
2025-12-31 11:10:42.485  INFO 16152 --- [http-nio-8080-exec-9] com.mbti.mbti.service.MbtiServiceImpl    : Fetching results for user: 홍길동
2025-12-31 11:10:47.927  INFO 16152 --- [http-nio-8080-exec-1] c.mbti.mbti.controller.MbtiController    : GET /api/mbti/results - Fetching results for user: 나
2025-12-31 11:10:47.927  INFO 16152 --- [http-nio-8080-exec-1] com.mbti.mbti.service.MbtiServiceImpl    : Fetching results for user: 나
2025-12-31 11:40:45.399  INFO 16152 --- [http-nio-8080-exec-3] c.mbti.mbti.controller.MbtiController    : GET /api/mbti/results - Fetching results for user: 나
2025-12-31 11:40:45.400  INFO 16152 --- [http-nio-8080-exec-3] com.mbti.mbti.service.MbtiServiceImpl    : Fetching results for user: 나
2025-12-31 11:44:26.228  INFO 16152 --- [http-nio-8080-exec-5] c.mbti.mbti.controller.MbtiController    : GET /api/mbti/types - Fetching all MBTI types
2025-12-31 11:44:26.228  INFO 16152 --- [http-nio-8080-exec-5] com.mbti.mbti.service.MbtiServiceImpl    : Fetching all MBTI types
2025-12-31 12:32:25.870  INFO 16152 --- [http-nio-8080-exec-7] c.mbti.mbti.controller.MbtiController    : GET /api/mbti/questions - Fetching all questions
2025-12-31 12:32:25.873  INFO 16152 --- [http-nio-8080-exec-7] com.mbti.mbti.service.MbtiServiceImpl    : Fetching all questions
2025-12-31 12:32:32.404  INFO 16152 --- [http-nio-8080-exec-9] c.mbti.mbti.controller.MbtiController    : POST /api/mbti/submit - Submitting test for user: 대방어
2025-12-31 12:32:32.417  INFO 16152 --- [http-nio-8080-exec-9] com.mbti.mbti.service.MbtiServiceImpl    : Submitting test for user: 대방어
2025-12-31 12:32:32.433  INFO 16152 --- [http-nio-8080-exec-9] com.mbti.mbti.service.MbtiServiceImpl    : Calculated MBTI type: ESFP
2025-12-31 12:32:32.462  INFO 16152 --- [http-nio-8080-exec-9] com.mbti.mbti.service.MbtiServiceImpl    : Saved result with id: 7
2025-12-31 12:32:32.496  INFO 16152 --- [http-nio-8080-exec-9] com.mbti.mbti.service.MbtiServiceImpl    : Saved 12 answers
2025-12-31 12:32:32.496  INFO 16152 --- [http-nio-8080-exec-9] com.mbti.mbti.service.MbtiServiceImpl    : Fetching result with id: 7
2025-12-31 12:45:07.802  INFO 16152 --- [http-nio-8080-exec-1] c.mbti.mbti.controller.MbtiController    : GET /api/mbti/questions - Fetching all questions
2025-12-31 12:45:07.802  INFO 16152 --- [http-nio-8080-exec-1] com.mbti.mbti.service.MbtiServiceImpl    : Fetching all questions
2025-12-31 12:45:11.988  INFO 16152 --- [http-nio-8080-exec-3] c.mbti.mbti.controller.MbtiController    : POST /api/mbti/submit - Submitting test for user: 참돔
2025-12-31 12:45:11.989  INFO 16152 --- [http-nio-8080-exec-3] com.mbti.mbti.service.MbtiServiceImpl    : Submitting test for user: 참돔
2025-12-31 12:45:11.995  INFO 16152 --- [http-nio-8080-exec-3] com.mbti.mbti.service.MbtiServiceImpl    : Calculated MBTI type: INFP
2025-12-31 12:45:11.996  INFO 16152 --- [http-nio-8080-exec-3] com.mbti.mbti.service.MbtiServiceImpl    : Saved result with id: 8
2025-12-31 12:45:12.006  INFO 16152 --- [http-nio-8080-exec-3] com.mbti.mbti.service.MbtiServiceImpl    : Saved 12 answers
2025-12-31 12:45:12.007  INFO 16152 --- [http-nio-8080-exec-3] com.mbti.mbti.service.MbtiServiceImpl    : Fetching result with id: 8
2025-12-31 12:51:56.815  INFO 16152 --- [http-nio-8080-exec-5] c.mbti.mbti.controller.MbtiController    : GET /api/mbti/types - Fetching all MBTI types
2025-12-31 12:51:56.817  INFO 16152 --- [http-nio-8080-exec-5] com.mbti.mbti.service.MbtiServiceImpl    : Fetching all MBTI types
2025-12-31 12:55:42.487  INFO 16152 --- [http-nio-8080-exec-7] c.mbti.mbti.controller.MbtiController    : GET /api/mbti/types - Fetching all MBTI types
2025-12-31 12:55:42.488  INFO 16152 --- [http-nio-8080-exec-7] com.mbti.mbti.service.MbtiServiceImpl    : Fetching all MBTI types
2025-12-31 12:56:12.605  INFO 16152 --- [http-nio-8080-exec-9] c.mbti.mbti.controller.MbtiController    : GET /api/mbti/questions - Fetching all questions
2025-12-31 12:56:12.605  INFO 16152 --- [http-nio-8080-exec-9] com.mbti.mbti.service.MbtiServiceImpl    : Fetching all questions
2025-12-31 12:56:18.713  INFO 16152 --- [http-nio-8080-exec-1] c.mbti.mbti.controller.MbtiController    : POST /api/mbti/submit - Submitting test for user: 유재석
2025-12-31 12:56:18.713  INFO 16152 --- [http-nio-8080-exec-1] com.mbti.mbti.service.MbtiServiceImpl    : Submitting test for user: 유재석
2025-12-31 12:56:18.717  INFO 16152 --- [http-nio-8080-exec-1] com.mbti.mbti.service.MbtiServiceImpl    : Calculated MBTI type: ISFP
2025-12-31 12:56:18.718  INFO 16152 --- [http-nio-8080-exec-1] com.mbti.mbti.service.MbtiServiceImpl    : Saved result with id: 9
2025-12-31 12:56:18.725  INFO 16152 --- [http-nio-8080-exec-1] com.mbti.mbti.service.MbtiServiceImpl    : Saved 12 answers
2025-12-31 12:56:18.725  INFO 16152 --- [http-nio-8080-exec-1] com.mbti.mbti.service.MbtiServiceImpl    : Fetching result with id: 9
2025-12-31 12:59:25.993  INFO 16152 --- [http-nio-8080-exec-3] c.mbti.mbti.controller.MbtiController    : GET /api/mbti/questions - Fetching all questions
2025-12-31 12:59:25.993  INFO 16152 --- [http-nio-8080-exec-3] com.mbti.mbti.service.MbtiServiceImpl    : Fetching all questions
2025-12-31 12:59:30.378  INFO 16152 --- [http-nio-8080-exec-5] c.mbti.mbti.controller.MbtiController    : POST /api/mbti/submit - Submitting test for user: 우럭
2025-12-31 12:59:30.379  INFO 16152 --- [http-nio-8080-exec-5] com.mbti.mbti.service.MbtiServiceImpl    : Submitting test for user: 우럭
2025-12-31 12:59:30.385  INFO 16152 --- [http-nio-8080-exec-5] com.mbti.mbti.service.MbtiServiceImpl    : Calculated MBTI type: ENFP
2025-12-31 12:59:30.386  INFO 16152 --- [http-nio-8080-exec-5] com.mbti.mbti.service.MbtiServiceImpl    : Saved result with id: 10
2025-12-31 12:59:30.394  INFO 16152 --- [http-nio-8080-exec-5] com.mbti.mbti.service.MbtiServiceImpl    : Saved 12 answers
2025-12-31 12:59:30.394  INFO 16152 --- [http-nio-8080-exec-5] com.mbti.mbti.service.MbtiServiceImpl    : Fetching result with id: 10
2025-12-31 13:12:44.904  INFO 16152 --- [http-nio-8080-exec-7] c.mbti.mbti.controller.MbtiController    : GET /api/mbti/questions - Fetching all questions
2025-12-31 13:12:44.904  INFO 16152 --- [http-nio-8080-exec-7] com.mbti.mbti.service.MbtiServiceImpl    : Fetching all questions
2025-12-31 13:12:50.447  INFO 16152 --- [http-nio-8080-exec-9] c.mbti.mbti.controller.MbtiController    : POST /api/mbti/submit - Submitting test for user: 손오공
2025-12-31 13:12:50.448  INFO 16152 --- [http-nio-8080-exec-9] com.mbti.mbti.service.MbtiServiceImpl    : Submitting test for user: 손오공
2025-12-31 13:12:50.455  INFO 16152 --- [http-nio-8080-exec-9] com.mbti.mbti.service.MbtiServiceImpl    : Calculated MBTI type: ESFJ
2025-12-31 13:12:50.459  INFO 16152 --- [http-nio-8080-exec-9] com.mbti.mbti.service.MbtiServiceImpl    : Saved result with id: 11
2025-12-31 13:12:50.472  INFO 16152 --- [http-nio-8080-exec-9] com.mbti.mbti.service.MbtiServiceImpl    : Saved 12 answers
2025-12-31 13:12:50.472  INFO 16152 --- [http-nio-8080-exec-9] com.mbti.mbti.service.MbtiServiceImpl    : Fetching result with id: 11
2025-12-31 14:07:51.858  WARN 16152 --- [MyHikariCP housekeeper] com.zaxxer.hikari.pool.HikariPool        : MyHikariCP - Thread starvation or clock leap detected (housekeeper delta=17m43s251ms911µs100ns).
2025-12-31 14:29:11.547  INFO 16152 --- [http-nio-8080-exec-1] c.mbti.mbti.controller.MbtiController    : GET /api/mbti/types - Fetching all MBTI types
2025-12-31 14:29:11.547  INFO 16152 --- [http-nio-8080-exec-1] com.mbti.mbti.service.MbtiServiceImpl    : Fetching all MBTI types
2025-12-31 15:10:17.413  INFO 16152 --- [SpringApplicationShutdownHook] com.zaxxer.hikari.HikariDataSource       : MyHikariCP - Shutdown initiated...
2025-12-31 15:10:17.413  INFO 16152 --- [SpringApplicationShutdownHook] com.zaxxer.hikari.HikariDataSource       : MyHikariCP - Shutdown completed.
